0 info it worked if it ends with ok
1 verbose cli [ '/usr/bin/nodejs',
1 verbose cli   '/usr/bin/npm',
1 verbose cli   'install',
1 verbose cli   'jquery.canvas-area-draw' ]
2 info using npm@1.3.10
3 info using node@v0.10.25
4 warn package.json mcloutier-battlerpg@0.1.0 No repository field.
5 verbose readDependencies using package.json deps
6 verbose cache add [ 'jquery.canvas-area-draw', null ]
7 verbose cache add name=undefined spec="jquery.canvas-area-draw" args=["jquery.canvas-area-draw",null]
8 verbose parsed url { protocol: null,
8 verbose parsed url   slashes: null,
8 verbose parsed url   auth: null,
8 verbose parsed url   host: null,
8 verbose parsed url   port: null,
8 verbose parsed url   hostname: null,
8 verbose parsed url   hash: null,
8 verbose parsed url   search: null,
8 verbose parsed url   query: null,
8 verbose parsed url   pathname: 'jquery.canvas-area-draw',
8 verbose parsed url   path: 'jquery.canvas-area-draw',
8 verbose parsed url   href: 'jquery.canvas-area-draw' }
9 silly lockFile 1e6e029a-jquery-canvas-area-draw jquery.canvas-area-draw
10 verbose lock jquery.canvas-area-draw /home/jmac/.npm/1e6e029a-jquery-canvas-area-draw.lock
11 silly lockFile 1e6e029a-jquery-canvas-area-draw jquery.canvas-area-draw
12 silly lockFile 1e6e029a-jquery-canvas-area-draw jquery.canvas-area-draw
13 verbose addNamed [ 'jquery.canvas-area-draw', '' ]
14 verbose addNamed [ null, '*' ]
15 silly lockFile db3d035a-jquery-canvas-area-draw jquery.canvas-area-draw@
16 verbose lock jquery.canvas-area-draw@ /home/jmac/.npm/db3d035a-jquery-canvas-area-draw.lock
17 silly addNameRange { name: 'jquery.canvas-area-draw', range: '*', hasData: false }
18 verbose url raw jquery.canvas-area-draw
19 verbose url resolving [ 'https://registry.npmjs.org/', './jquery.canvas-area-draw' ]
20 verbose url resolved https://registry.npmjs.org/jquery.canvas-area-draw
21 info trying registry request attempt 1 at 17:37:35
22 http GET https://registry.npmjs.org/jquery.canvas-area-draw
23 http 404 https://registry.npmjs.org/jquery.canvas-area-draw
24 silly registry.get cb [ 404,
24 silly registry.get   { 'content-type': 'application/json',
24 silly registry.get     'cache-control': 'max-age=0',
24 silly registry.get     'content-length': '2',
24 silly registry.get     'accept-ranges': 'bytes',
24 silly registry.get     date: 'Sun, 27 Dec 2015 23:37:35 GMT',
24 silly registry.get     via: '1.1 varnish',
24 silly registry.get     age: '0',
24 silly registry.get     connection: 'keep-alive',
24 silly registry.get     'x-served-by': 'cache-ord1734-ORD',
24 silly registry.get     'x-cache': 'MISS',
24 silly registry.get     'x-cache-hits': '0',
24 silly registry.get     'x-timer': 'S1451259455.410170,VS0,VE64' } ]
25 silly addNameRange number 2 { name: 'jquery.canvas-area-draw', range: '*', hasData: true }
26 silly addNameRange versions [ undefined, [] ]
27 error TypeError: Cannot read property 'latest' of undefined
27 error     at next (/usr/share/npm/lib/cache.js:687:35)
27 error     at /usr/share/npm/lib/cache.js:675:5
27 error     at saved (/usr/share/npm/node_modules/npm-registry-client/lib/get.js:142:7)
27 error     at /usr/lib/nodejs/graceful-fs/polyfills.js:133:7
27 error     at Object.oncomplete (fs.js:107:15)
28 error If you need help, you may report this log at:
28 error     <http://github.com/isaacs/npm/issues>
28 error or email it to:
28 error     <npm-@googlegroups.com>
29 error System Linux 3.19.0-25-generic
30 error command "/usr/bin/nodejs" "/usr/bin/npm" "install" "jquery.canvas-area-draw"
31 error cwd /home/jmac/Clients/mcloutier/battlerpg
32 error node -v v0.10.25
33 error npm -v 1.3.10
34 error type non_object_property_load
35 verbose exit [ 1, true ]
